Using pre-set license
Built from '2020.2/staging' branch; Version is '2020.2.3f1 (8ff31bc5bf5b) revision 9433883'; Using compiler version '192528614'; Build Type 'Release'
OS: 'Windows 10 Pro; OS build 19041.746; Version 2004; 64bit' Language: 'en' Physical Memory: 16350 MB
BatchMode: 1, IsHumanControllingUs: 0, StartBugReporterOnCrash: 0, Is64bit: 1, IsPro: 0

 COMMAND LINE ARGUMENTS:
C:\Program Files\Unity\Hub\Editor\2020.2.3f1\Editor\Unity.exe
-adb2
-batchMode
-noUpm
-name
AssetImportWorker0
-projectPath
F:/Unity Projects/Battle Action
-logFile
Logs/AssetImportWorker0.log
-srvPort
63428
Successfully changed project path to: F:/Unity Projects/Battle Action
F:/Unity Projects/Battle Action
Using Asset Import Pipeline V2.
Refreshing native plugins compatible for Editor in 101.25 ms, found 0 plugins.
Preloading 0 native plugins for Editor in 0.00 ms.
Initialize engine version: 2020.2.3f1 (8ff31bc5bf5b)
[Subsystems] Discovering subsystems at path C:/Program Files/Unity/Hub/Editor/2020.2.3f1/Editor/Data/Resources/UnitySubsystems
[Subsystems] Discovering subsystems at path F:/Unity Projects/Battle Action/Assets
GfxDevice: creating device client; threaded=0
Direct3D:
    Version:  Direct3D 11.0 [level 11.1]
    Renderer: NVIDIA GeForce GTX 1050 Ti (ID=0x1c82)
    Vendor:   
    VRAM:     4018 MB
    Driver:   27.21.14.6089
Initialize mono
Mono path[0] = 'C:/Program Files/Unity/Hub/Editor/2020.2.3f1/Editor/Data/Managed'
Mono path[1] = 'C:/Program Files/Unity/Hub/Editor/2020.2.3f1/Editor/Data/MonoBleedingEdge/lib/mono/unityjit'
Mono config path = 'C:/Program Files/Unity/Hub/Editor/2020.2.3f1/Editor/Data/MonoBleedingEdge/etc'
Using monoOptions --debugger-agent=transport=dt_socket,embedding=1,server=y,suspend=n,address=127.0.0.1:56080
Begin MonoManager ReloadAssembly
Registering precompiled unity dll's ...
Register platform support module: C:/Program Files/Unity/Hub/Editor/2020.2.3f1/Editor/Data/PlaybackEngines/WindowsStandaloneSupport/UnityEditor.WindowsStandalone.Extensions.dll
Registered in 0.004807 seconds.
Native extension for WindowsStandalone target not found
Refreshing native plugins compatible for Editor in 98.76 ms, found 0 plugins.
Preloading 0 native plugins for Editor in 0.00 ms.
Invoked RoslynAnalysisRunner static constructor.
RoslynAnalysisRunner will not be running.
RoslynAnalysisRunner has terminated.
Mono: successfully reloaded assembly
- Completed reload, in  1.874 seconds
Platform modules already initialized, skipping
Registering precompiled user dll's ...
Registered in 0.006530 seconds.
Begin MonoManager ReloadAssembly
Native extension for WindowsStandalone target not found
Refreshing native plugins compatible for Editor in 1.09 ms, found 0 plugins.
Preloading 0 native plugins for Editor in 0.00 ms.
Invoked RoslynAnalysisRunner static constructor.
RoslynAnalysisRunner will not be running.
RoslynAnalysisRunner has terminated.
Find all reader and writers took 166 milliseconds
Script Module: UnityEngine.UI.dll
Weave behaviours and messages took117 milliseconds
Find all reader and writers took 134 milliseconds
Script Module: Assembly-CSharp.dll
[InitGameWorld] NetworkBehaviourProcessor
[ServerAuthorityExamplePlayerController] NetworkBehaviourProcessor
[SmoothSyncMirrorExamplePlayerController] NetworkBehaviourProcessor
[ArenaInfo] NetworkBehaviourProcessor
[Beacon] NetworkBehaviourProcessor
[Powerup] NetworkBehaviourProcessor
[PowerupManager] NetworkBehaviourProcessor
[SpawnBeacons] NetworkBehaviourProcessor
[Exploder] NetworkBehaviourProcessor
[PlayerGUI] NetworkBehaviourProcessor
[Owner] NetworkBehaviourProcessor
[Player] NetworkBehaviourProcessor
[PlayerControls] NetworkBehaviourProcessor
[PlayerShipSpawner] NetworkBehaviourProcessor
[BulletShooter] NetworkBehaviourProcessor
[Damageable] NetworkBehaviourProcessor
[Shield] NetworkBehaviourProcessor
[Ship] NetworkBehaviourProcessor
[Homing] NetworkBehaviourProcessor
[Blaster] NetworkBehaviourProcessor
[Bullet] NetworkBehaviourProcessor
[Bullet] NetworkBehaviourProcessor
[Crush] NetworkBehaviourProcessor
[DeactivatorBeam] NetworkBehaviourProcessor
[Decoy] NetworkBehaviourProcessor
[Bullet] NetworkBehaviourProcessor
[MachineGun] NetworkBehaviourProcessor
[Mine] NetworkBehaviourProcessor
[MineField] NetworkBehaviourProcessor
[Bullet] NetworkBehaviourProcessor
[Missile] NetworkBehaviourProcessor
[Nuke] NetworkBehaviourProcessor
[Bullet] NetworkBehaviourProcessor
[Plasma] NetworkBehaviourProcessor
[Bullet] NetworkBehaviourProcessor
[Rocket] NetworkBehaviourProcessor
[Warp] NetworkBehaviourProcessor
[SmoothSyncMirror] NetworkBehaviourProcessor
Weave behaviours and messages took105 milliseconds
  ProcessSitesModule Assembly-CSharp.dll elapsed time:00:00:00.0170537
Find all reader and writers took 157 milliseconds
Script Module: UnityEngine.TestRunner.dll
Weave behaviours and messages took40 milliseconds
Find all reader and writers took 125 milliseconds
Script Module: UnityEngine.XR.LegacyInputHelpers.dll
Weave behaviours and messages took4 milliseconds
Find all reader and writers took 132 milliseconds
Script Module: SimpleWebTransport.dll
Weave behaviours and messages took13 milliseconds
Find all reader and writers took 140 milliseconds
Script Module: Unity.Timeline.dll
Weave behaviours and messages took44 milliseconds
Find all reader and writers took 159 milliseconds
Script Module: Mirror.Examples.dll
[Projectile] NetworkBehaviourProcessor
[Tank] NetworkBehaviourProcessor
[NetworkRoomPlayer] NetworkBehaviourProcessor
[NetworkRoomPlayerExt] NetworkBehaviourProcessor
[PlayerController] NetworkBehaviourProcessor
[PlayerScore] NetworkBehaviourProcessor
[RandomColor] NetworkBehaviourProcessor
[Reward] NetworkBehaviourProcessor
[AddForce] NetworkBehaviourProcessor
[Ball] NetworkBehaviourProcessor
[Player] NetworkBehaviourProcessor
[MatchController] NetworkBehaviourProcessor
[PhysicsCollision] NetworkBehaviourProcessor
[PlayerController] NetworkBehaviourProcessor
[PlayerScore] NetworkBehaviourProcessor
[RandomColor] NetworkBehaviourProcessor
[Reward] NetworkBehaviourProcessor
[Player] NetworkBehaviourProcessor
[MonsterMovement] NetworkBehaviourProcessor
[PlayerMovement] NetworkBehaviourProcessor
[Player] NetworkBehaviourProcessor
[PlayerController] NetworkBehaviourProcessor
[RandomColor] NetworkBehaviourProcessor
[ShootingTankBehaviour] NetworkBehaviourProcessor
Weave behaviours and messages took119 milliseconds
  ProcessSitesModule Mirror.Examples.dll elapsed time:00:00:00.0040005
Find all reader and writers took 133 milliseconds
Script Module: UnityEngine.Monetization.dll
Weave behaviours and messages took9 milliseconds
Find all reader and writers took 151 milliseconds
Script Module: Mirror.Components.dll
[NetworkAnimator] NetworkBehaviourProcessor
[NetworkRoomPlayer] NetworkBehaviourProcessor
[NetworkLobbyPlayer] NetworkBehaviourProcessor
[NetworkVisibility] NetworkBehaviourProcessor
[NetworkVisibility] Found NetworkBehaviour Mirror.NetworkVisibility
[NetworkVisibility] Process Start
[NetworkVisibility]   GenerateSerialization
[NetworkVisibility]   GenerateDeSerialization
[NetworkVisibility] Process Done
[NetworkMatchChecker] NetworkBehaviourProcessor
[NetworkVisibility] NetworkBehaviourProcessor
[NetworkProximityChecker] NetworkBehaviourProcessor
[NetworkRoomPlayer] NetworkBehaviourProcessor
[NetworkVisibility] NetworkBehaviourProcessor
[NetworkSceneChecker] NetworkBehaviourProcessor
[NetworkTransformBase] NetworkBehaviourProcessor
[NetworkTransform] NetworkBehaviourProcessor
[NetworkTransformBase] NetworkBehaviourProcessor
[NetworkTransformBase] NetworkBehaviourProcessor
[NetworkTransformChild] NetworkBehaviourProcessor
[NetworkLerpRigidbody] NetworkBehaviourProcessor
[NetworkRigidbody] NetworkBehaviourProcessor
[NetworkRigidbody2D] NetworkBehaviourProcessor
[NetworkTransformBase] NetworkBehaviourProcessor
[NetworkTransform] NetworkBehaviourProcessor
[NetworkTransformBase] NetworkBehaviourProcessor
[NetworkTransformBase] NetworkBehaviourProcessor
[NetworkTransformChild] NetworkBehaviourProcessor
Weave behaviours and messages took101 milliseconds
  ProcessSitesModule Mirror.Components.dll elapsed time:00:00:00.0040061
Find all reader and writers took 159 milliseconds
Script Module: Unity.TextMeshPro.dll
Weave behaviours and messages took121 milliseconds
Find all reader and writers took 136 milliseconds
Script Module: UnityEngine.Purchasing.dll
Weave behaviours and messages took9 milliseconds
Find all reader and writers took 140 milliseconds
Script Module: UnityEngine.Advertisements.dll
Weave behaviours and messages took11 milliseconds
Find all reader and writers took 131 milliseconds
Script Module: com.unity.multiplayer-hlapi.Runtime.dll
Weave behaviours and messages took97 milliseconds
Find all reader and writers took 154 milliseconds
Script Module: Telepathy.dll
Weave behaviours and messages took6 milliseconds
Find all reader and writers took 158 milliseconds
Script Module: Mirror.Authenticators.dll
Weave behaviours and messages took68 milliseconds
  ProcessSitesModule Mirror.Authenticators.dll elapsed time:00:00:00.0030013
Find all reader and writers took 149 milliseconds
Script Module: Mirror.Examples.Cloud.GUI.dll
Weave behaviours and messages took4 milliseconds
Find all reader and writers took 125 milliseconds
Script Module: Mirror.Cloud.dll
Weave behaviours and messages took4 milliseconds
Find all reader and writers took 153 milliseconds
Script Module: kcp2k.dll
Weave behaviours and messages took7 milliseconds
Find all reader and writers took 145 milliseconds
Script Module: Mirror.Examples.Cloud.Pong.dll
[Ball] NetworkBehaviourProcessor
[BallManager] NetworkBehaviourProcessor
[Player] NetworkBehaviourProcessor
Weave behaviours and messages took57 milliseconds
  ProcessSitesModule Mirror.Examples.Cloud.Pong.dll elapsed time:00:00:00.0020000
Find all reader and writers took 139 milliseconds
Script Module: UnityEngine.SpatialTracking.dll
Weave behaviours and messages took1 milliseconds
Find all reader and writers took 128 milliseconds
Script Module: Unity.Analytics.DataPrivacy.dll
Weave behaviours and messages took2 milliseconds
Find all reader and writers took 181 milliseconds
Script Module: UnityEditor.TestRunner.dll
Weave behaviours and messages took70 milliseconds
Find all reader and writers took 173 milliseconds
Script Module: UnityEditor.UI.dll
Weave behaviours and messages took18 milliseconds
Find all reader and writers took 171 milliseconds
Script Module: UnityEditor.XR.LegacyInputHelpers.dll
Weave behaviours and messages took2 milliseconds
Find all reader and writers took 135 milliseconds
Script Module: Mirror.CompilerSymbols.dll
Weave behaviours and messages took0 milliseconds
Find all reader and writers took 166 milliseconds
Script Module: UnityEditor.SpatialTracking.dll
Weave behaviours and messages took0 milliseconds
Find all reader and writers took 172 milliseconds
Script Module: UnityEditor.Purchasing.dll
Weave behaviours and messages took2 milliseconds
Find all reader and writers took 150 milliseconds
Script Module: Analytics.dll
Weave behaviours and messages took0 milliseconds
Mono: successfully reloaded assembly
- Completed reload, in 14.084 seconds
Platform modules already initialized, skipping
========================================================================
Worker process is ready to serve import requests
Launched and connected shader compiler UnityShaderCompiler.exe after 0.07 seconds
Refreshing native plugins compatible for Editor in 1.00 ms, found 0 plugins.
Preloading 0 native plugins for Editor in 0.00 ms.
Unloading 1935 Unused Serialized files (Serialized files now loaded: 0)
System memory in use before: 94.2 MB.
System memory in use after: 64.0 MB.

Unloading 42 unused Assets to reduce memory usage. Loaded Objects now: 2383.
Total: 5.589900 ms (FindLiveObjects: 0.375900 ms CreateObjectMapping: 0.095200 ms MarkObjects: 4.807500 ms  DeleteObjects: 0.310100 ms)

========================================================================
Received Import Request.
  path: Assets/Materials/drone/drone.fbx
  artifactKey: Guid(a2727eb52c6531948b19c715097a0721) Importer(815301076,1909f56bfc062723c751e8b465ee728b)
Start importing Assets/Materials/drone/drone.fbx using Guid(a2727eb52c6531948b19c715097a0721) Importer(815301076,1909f56bfc062723c751e8b465ee728b)  -> (artifact id: 'aa126370528d7342dec1eadfafd584a7') in 0.273079 seconds
  Import took 0.277958 seconds .

========================================================================
Received Import Request.
  Time since last request: 3.160083 seconds.
  path: Assets/Models/weapons/models/at_mine/at_mine_LOD0.fbx
  artifactKey: Guid(8329acd25ffd119489ecb4acc0b7fda4) Importer(815301076,1909f56bfc062723c751e8b465ee728b)
Start importing Assets/Models/weapons/models/at_mine/at_mine_LOD0.fbx using Guid(8329acd25ffd119489ecb4acc0b7fda4) Importer(815301076,1909f56bfc062723c751e8b465ee728b)  -> (artifact id: '520ee5c2672d2f2261322245cc498119') in 0.050620 seconds
  Import took 0.056923 seconds .

========================================================================
Received Import Request.
  Time since last request: 0.000424 seconds.
  path: Assets/Models/weapons/models/at_mine/at_mine_LOD1.prefab
  artifactKey: Guid(2b772339ef81606499adfaca35ce6d4a) Importer(815301076,1909f56bfc062723c751e8b465ee728b)
Start importing Assets/Models/weapons/models/at_mine/at_mine_LOD1.prefab using Guid(2b772339ef81606499adfaca35ce6d4a) Importer(815301076,1909f56bfc062723c751e8b465ee728b)  -> (artifact id: '415f469463066e019392fcba1dccfca1') in 0.109109 seconds
  Import took 0.115302 seconds .

========================================================================
Received Import Request.
  Time since last request: 0.000377 seconds.
  path: Assets/Models/weapons/models/at_mine/at_mine_LOD0.prefab
  artifactKey: Guid(3a73e26f88957b343af0490c9403c8f0) Importer(815301076,1909f56bfc062723c751e8b465ee728b)
Start importing Assets/Models/weapons/models/at_mine/at_mine_LOD0.prefab using Guid(3a73e26f88957b343af0490c9403c8f0) Importer(815301076,1909f56bfc062723c751e8b465ee728b)  -> (artifact id: 'f2788e9e6dfd16495cbc78bbad19d5e6') in 0.067425 seconds
  Import took 0.073337 seconds .

========================================================================
Received Import Request.
  Time since last request: 0.000507 seconds.
  path: Assets/Models/weapons/models/at_mine/AT_Mine_LODGroup.prefab
  artifactKey: Guid(f7091d0a82ad9ed4ebac3b4910cd4406) Importer(815301076,1909f56bfc062723c751e8b465ee728b)
Start importing Assets/Models/weapons/models/at_mine/AT_Mine_LODGroup.prefab using Guid(f7091d0a82ad9ed4ebac3b4910cd4406) Importer(815301076,1909f56bfc062723c751e8b465ee728b)  -> (artifact id: 'c85d4d0b2d7021234b73bc8087ae87ab') in 0.056738 seconds
  Import took 0.062994 seconds .

========================================================================
Received Import Request.
  Time since last request: 0.000334 seconds.
  path: Assets/Models/weapons/models/at_mine/at_mine_LOD2.prefab
  artifactKey: Guid(02d77a2176f3e5d4491182ed65f90851) Importer(815301076,1909f56bfc062723c751e8b465ee728b)
Start importing Assets/Models/weapons/models/at_mine/at_mine_LOD2.prefab using Guid(02d77a2176f3e5d4491182ed65f90851) Importer(815301076,1909f56bfc062723c751e8b465ee728b)  -> (artifact id: 'abe6cec429e9df77bc0dd8ceccce70bf') in 0.053833 seconds
  Import took 0.059718 seconds .

========================================================================
Received Import Request.
  Time since last request: 0.000346 seconds.
  path: Assets/Models/weapons/models/at_mine/at_mine_LOD1 1.prefab
  artifactKey: Guid(32ca794a6a194424a9c058c72f5f1eca) Importer(815301076,1909f56bfc062723c751e8b465ee728b)
Start importing Assets/Models/weapons/models/at_mine/at_mine_LOD1 1.prefab using Guid(32ca794a6a194424a9c058c72f5f1eca) Importer(815301076,1909f56bfc062723c751e8b465ee728b)  -> (artifact id: '51732264e0c017c36e19add7e6c60b93') in 0.052491 seconds
  Import took 0.057786 seconds .

========================================================================
Received Import Request.
  Time since last request: 0.000296 seconds.
  path: Assets/Models/weapons/models/at_mine/at_mine_LOD3.prefab
  artifactKey: Guid(c95ed669496457245b94a76f843f0381) Importer(815301076,1909f56bfc062723c751e8b465ee728b)
Start importing Assets/Models/weapons/models/at_mine/at_mine_LOD3.prefab using Guid(c95ed669496457245b94a76f843f0381) Importer(815301076,1909f56bfc062723c751e8b465ee728b)  -> (artifact id: '5609d50ab7e33db5a0a5b9b525b5b566') in 0.062951 seconds
  Import took 0.067991 seconds .

========================================================================
Received Import Request.
  Time since last request: 0.000285 seconds.
  path: Assets/Models/weapons/models/at_mine/at_mine_LOD2 1.prefab
  artifactKey: Guid(caf90b2f71c8a5040b3770e8da50cddd) Importer(815301076,1909f56bfc062723c751e8b465ee728b)
Start importing Assets/Models/weapons/models/at_mine/at_mine_LOD2 1.prefab using Guid(caf90b2f71c8a5040b3770e8da50cddd) Importer(815301076,1909f56bfc062723c751e8b465ee728b)  -> (artifact id: 'da3a7733f917d57d5b3b518d79fe4628') in 0.050439 seconds
  Import took 0.055544 seconds .

========================================================================
Received Import Request.
  Time since last request: 0.000303 seconds.
  path: Assets/Models/weapons/models/at_mine/at_mine_LOD3 1.prefab
  artifactKey: Guid(d7b50e9bd19d6674f942819f2cdf61db) Importer(815301076,1909f56bfc062723c751e8b465ee728b)
Start importing Assets/Models/weapons/models/at_mine/at_mine_LOD3 1.prefab using Guid(d7b50e9bd19d6674f942819f2cdf61db) Importer(815301076,1909f56bfc062723c751e8b465ee728b)  -> (artifact id: '2ea45cba7c0690b8ebb1f5ac89500960') in 0.054075 seconds
  Import took 0.059362 seconds .

========================================================================
Received Prepare
Registering precompiled user dll's ...
Registered in 0.006581 seconds.
Begin MonoManager ReloadAssembly
Native extension for WindowsStandalone target not found
Refreshing native plugins compatible for Editor in 1.11 ms, found 0 plugins.
Preloading 0 native plugins for Editor in 0.00 ms.
Invoked RoslynAnalysisRunner static constructor.
RoslynAnalysisRunner will not be running.
RoslynAnalysisRunner has terminated.
Mono: successfully reloaded assembly
- Completed reload, in  1.534 seconds
Platform modules already initialized, skipping
Refreshing native plugins compatible for Editor in 1.48 ms, found 0 plugins.
Preloading 0 native plugins for Editor in 0.00 ms.
Unloading 1915 Unused Serialized files (Serialized files now loaded: 0)
System memory in use before: 97.3 MB.
System memory in use after: 97.5 MB.

Unloading 34 unused Assets to reduce memory usage. Loaded Objects now: 2395.
Total: 3.148400 ms (FindLiveObjects: 0.401900 ms CreateObjectMapping: 0.102300 ms MarkObjects: 2.596600 ms  DeleteObjects: 0.046500 ms)

========================================================================
Received Import Request.
  Time since last request: 1530.823083 seconds.
  path: Assets/Resources/Prefabs/Weapons/MineField.prefab
  artifactKey: Guid(8fb1130ef51f911418da08f7ff0336e5) Importer(815301076,1909f56bfc062723c751e8b465ee728b)
Start importing Assets/Resources/Prefabs/Weapons/MineField.prefab using Guid(8fb1130ef51f911418da08f7ff0336e5) Importer(815301076,1909f56bfc062723c751e8b465ee728b)  -> (artifact id: '8dadd2e4886854d9f811ad6ed2ca1e4a') in 0.131108 seconds
  Import took 0.136707 seconds .

========================================================================
Received Import Request.
  Time since last request: 3.978977 seconds.
  path: Assets/Resources/Prefabs/Weapons/MineField.prefab
  artifactKey: Guid(8fb1130ef51f911418da08f7ff0336e5) Importer(815301076,1909f56bfc062723c751e8b465ee728b)
Start importing Assets/Resources/Prefabs/Weapons/MineField.prefab using Guid(8fb1130ef51f911418da08f7ff0336e5) Importer(815301076,1909f56bfc062723c751e8b465ee728b)  -> (artifact id: '629e12470a5ee170c611b40993a11c1c') in 0.009715 seconds
  Import took 0.014524 seconds .

========================================================================
Received Import Request.
  Time since last request: 6.101131 seconds.
  path: Assets/Resources/Prefabs/Weapons/MineField.prefab
  artifactKey: Guid(8fb1130ef51f911418da08f7ff0336e5) Importer(815301076,1909f56bfc062723c751e8b465ee728b)
Start importing Assets/Resources/Prefabs/Weapons/MineField.prefab using Guid(8fb1130ef51f911418da08f7ff0336e5) Importer(815301076,1909f56bfc062723c751e8b465ee728b)  -> (artifact id: 'c95535206a43379731195b6d513684db') in 0.018974 seconds
  Import took 0.024492 seconds .

========================================================================
Received Import Request.
  Time since last request: 20.284491 seconds.
  path: Assets/Resources/Prefabs/Weapons/MineField.prefab
  artifactKey: Guid(8fb1130ef51f911418da08f7ff0336e5) Importer(815301076,1909f56bfc062723c751e8b465ee728b)
Start importing Assets/Resources/Prefabs/Weapons/MineField.prefab using Guid(8fb1130ef51f911418da08f7ff0336e5) Importer(815301076,1909f56bfc062723c751e8b465ee728b)  -> (artifact id: '527b75a27927342060ed18a313630076') in 0.021773 seconds
  Import took 0.026724 seconds .

========================================================================
Received Prepare
Registering precompiled user dll's ...
Registered in 0.007663 seconds.
Begin MonoManager ReloadAssembly
Native extension for WindowsStandalone target not found
Refreshing native plugins compatible for Editor in 1.10 ms, found 0 plugins.
Preloading 0 native plugins for Editor in 0.00 ms.
Invoked RoslynAnalysisRunner static constructor.
RoslynAnalysisRunner will not be running.
RoslynAnalysisRunner has terminated.
Mono: successfully reloaded assembly
- Completed reload, in  1.555 seconds
Platform modules already initialized, skipping
Refreshing native plugins compatible for Editor in 1.07 ms, found 0 plugins.
Preloading 0 native plugins for Editor in 0.00 ms.
Unloading 1915 Unused Serialized files (Serialized files now loaded: 0)
System memory in use before: 97.4 MB.
System memory in use after: 97.5 MB.

Unloading 33 unused Assets to reduce memory usage. Loaded Objects now: 2399.
Total: 3.669800 ms (FindLiveObjects: 0.561300 ms CreateObjectMapping: 0.171500 ms MarkObjects: 2.890600 ms  DeleteObjects: 0.045000 ms)

========================================================================
Received Import Request.
  Time since last request: 1332.121751 seconds.
  path: Assets/Resources/Prefabs/Weapons/MineField.prefab
  artifactKey: Guid(8fb1130ef51f911418da08f7ff0336e5) Importer(815301076,1909f56bfc062723c751e8b465ee728b)
Start importing Assets/Resources/Prefabs/Weapons/MineField.prefab using Guid(8fb1130ef51f911418da08f7ff0336e5) Importer(815301076,1909f56bfc062723c751e8b465ee728b)  -> (artifact id: '9c353717bb08001c4a890f884ba1c315') in 0.141106 seconds
  Import took 0.147483 seconds .

========================================================================
Received Import Request.
  Time since last request: 26.802724 seconds.
  path: Assets/Resources/Prefabs/Weapons/MineField.prefab
  artifactKey: Guid(8fb1130ef51f911418da08f7ff0336e5) Importer(815301076,1909f56bfc062723c751e8b465ee728b)
Start importing Assets/Resources/Prefabs/Weapons/MineField.prefab using Guid(8fb1130ef51f911418da08f7ff0336e5) Importer(815301076,1909f56bfc062723c751e8b465ee728b)  -> (artifact id: '9e6c6059c0c0e882ed1a78ce5c25a304') in 0.021729 seconds
  Import took 0.026631 seconds .

========================================================================
Received Import Request.
  Time since last request: 62.234679 seconds.
  path: Assets/Resources/Prefabs/Weapons/MineField.prefab
  artifactKey: Guid(8fb1130ef51f911418da08f7ff0336e5) Importer(815301076,1909f56bfc062723c751e8b465ee728b)
Start importing Assets/Resources/Prefabs/Weapons/MineField.prefab using Guid(8fb1130ef51f911418da08f7ff0336e5) Importer(815301076,1909f56bfc062723c751e8b465ee728b)  -> (artifact id: '1a2407748898b13fac1839f397ee20b1') in 0.021580 seconds
  Import took 0.026727 seconds .

========================================================================
Received Import Request.
  Time since last request: 3.319429 seconds.
  path: Assets/Resources/Prefabs/Weapons/MineField.prefab
  artifactKey: Guid(8fb1130ef51f911418da08f7ff0336e5) Importer(815301076,1909f56bfc062723c751e8b465ee728b)
Start importing Assets/Resources/Prefabs/Weapons/MineField.prefab using Guid(8fb1130ef51f911418da08f7ff0336e5) Importer(815301076,1909f56bfc062723c751e8b465ee728b)  -> (artifact id: '8454f88addece25f050966650d76ce2d') in 0.021260 seconds
  Import took 0.026915 seconds .

========================================================================
Received Import Request.
  Time since last request: 322.141621 seconds.
  path: Assets/_Scenes/Game.unity
  artifactKey: Guid(352d1b2a2cfa9e7479986bf683475bf5) Importer(815301076,1909f56bfc062723c751e8b465ee728b)
Start importing Assets/_Scenes/Game.unity using Guid(352d1b2a2cfa9e7479986bf683475bf5) Importer(815301076,1909f56bfc062723c751e8b465ee728b)  -> (artifact id: '38e446ae2479ed40168cb09f93d056fb') in 0.012001 seconds
  Import took 0.016810 seconds .

========================================================================
Received Import Request.
  Time since last request: 50.022700 seconds.
  path: Assets/Resources/Prefabs/Weapons/Mine.prefab
  artifactKey: Guid(91a55936ff5e8dd43b28f68915660656) Importer(815301076,1909f56bfc062723c751e8b465ee728b)
Start importing Assets/Resources/Prefabs/Weapons/Mine.prefab using Guid(91a55936ff5e8dd43b28f68915660656) Importer(815301076,1909f56bfc062723c751e8b465ee728b)  -> (artifact id: '3117b6e61c28a07888fcca57b80a725e') in 0.027860 seconds
  Import took 0.032785 seconds .

========================================================================
Received Import Request.
  Time since last request: 0.010150 seconds.
  path: Assets/Resources/Prefabs/Weapons/Mine.prefab
  artifactKey: Guid(91a55936ff5e8dd43b28f68915660656) Importer(815301076,1909f56bfc062723c751e8b465ee728b)
Start importing Assets/Resources/Prefabs/Weapons/Mine.prefab using Guid(91a55936ff5e8dd43b28f68915660656) Importer(815301076,1909f56bfc062723c751e8b465ee728b)  -> (artifact id: '3117b6e61c28a07888fcca57b80a725e') in 0.016624 seconds
  Import took 0.021452 seconds .

========================================================================
Received Import Request.
  Time since last request: 0.000275 seconds.
  path: Assets/Resources/Prefabs/Weapons/MineField.prefab
  artifactKey: Guid(8fb1130ef51f911418da08f7ff0336e5) Importer(815301076,1909f56bfc062723c751e8b465ee728b)
Start importing Assets/Resources/Prefabs/Weapons/MineField.prefab using Guid(8fb1130ef51f911418da08f7ff0336e5) Importer(815301076,1909f56bfc062723c751e8b465ee728b)  -> (artifact id: '7eb49c1e6ade8794d0aa84734fde845f') in 0.017744 seconds
  Import took 0.022240 seconds .

========================================================================
Received Import Request.
  Time since last request: 0.013087 seconds.
  path: Assets/Resources/Prefabs/Weapons/MineField.prefab
  artifactKey: Guid(8fb1130ef51f911418da08f7ff0336e5) Importer(815301076,1909f56bfc062723c751e8b465ee728b)
Start importing Assets/Resources/Prefabs/Weapons/MineField.prefab using Guid(8fb1130ef51f911418da08f7ff0336e5) Importer(815301076,1909f56bfc062723c751e8b465ee728b)  -> (artifact id: '7eb49c1e6ade8794d0aa84734fde845f') in 0.013172 seconds
  Import took 0.018497 seconds .

========================================================================
Received Import Request.
  Time since last request: 7.988693 seconds.
  path: Assets/Resources/Prefabs/Weapons/MineField.prefab
  artifactKey: Guid(8fb1130ef51f911418da08f7ff0336e5) Importer(815301076,1909f56bfc062723c751e8b465ee728b)
Start importing Assets/Resources/Prefabs/Weapons/MineField.prefab using Guid(8fb1130ef51f911418da08f7ff0336e5) Importer(815301076,1909f56bfc062723c751e8b465ee728b)  -> (artifact id: 'bdc1404089a5773cd52e08f53728d5cb') in 0.008218 seconds
  Import took 0.013043 seconds .

========================================================================
Received Import Request.
  Time since last request: 9.936898 seconds.
  path: Assets/Resources/Prefabs/Weapons/MineField.prefab
  artifactKey: Guid(8fb1130ef51f911418da08f7ff0336e5) Importer(815301076,1909f56bfc062723c751e8b465ee728b)
Start importing Assets/Resources/Prefabs/Weapons/MineField.prefab using Guid(8fb1130ef51f911418da08f7ff0336e5) Importer(815301076,1909f56bfc062723c751e8b465ee728b)  -> (artifact id: '53c90bdb4339344ea158aa3593dec552') in 0.007028 seconds
  Import took 0.012239 seconds .

========================================================================
Received Prepare
Registering precompiled user dll's ...
Registered in 0.008592 seconds.
Begin MonoManager ReloadAssembly
Native extension for WindowsStandalone target not found
Refreshing native plugins compatible for Editor in 1.06 ms, found 0 plugins.
Preloading 0 native plugins for Editor in 0.00 ms.
Invoked RoslynAnalysisRunner static constructor.
RoslynAnalysisRunner will not be running.
RoslynAnalysisRunner has terminated.
Mono: successfully reloaded assembly
- Completed reload, in  1.507 seconds
Platform modules already initialized, skipping
Refreshing native plugins compatible for Editor in 1.13 ms, found 0 plugins.
Preloading 0 native plugins for Editor in 0.00 ms.
Unloading 1915 Unused Serialized files (Serialized files now loaded: 0)
System memory in use before: 97.4 MB.
System memory in use after: 97.5 MB.

Unloading 33 unused Assets to reduce memory usage. Loaded Objects now: 2402.
Total: 3.233800 ms (FindLiveObjects: 0.414300 ms CreateObjectMapping: 0.100300 ms MarkObjects: 2.670900 ms  DeleteObjects: 0.046600 ms)

========================================================================
Received Import Request.
  Time since last request: 110.420180 seconds.
  path: Assets/Resources/Prefabs/Weapons/Mine.prefab
  artifactKey: Guid(91a55936ff5e8dd43b28f68915660656) Importer(815301076,1909f56bfc062723c751e8b465ee728b)
Start importing Assets/Resources/Prefabs/Weapons/Mine.prefab using Guid(91a55936ff5e8dd43b28f68915660656) Importer(815301076,1909f56bfc062723c751e8b465ee728b)  -> (artifact id: '8cc8701643ddf73c6cba264e287057a5') in 0.098278 seconds
  Import took 0.103664 seconds .

========================================================================
Received Prepare
Registering precompiled user dll's ...
Registered in 0.007077 seconds.
Begin MonoManager ReloadAssembly
Native extension for WindowsStandalone target not found
Refreshing native plugins compatible for Editor in 1.14 ms, found 0 plugins.
Preloading 0 native plugins for Editor in 0.00 ms.
Invoked RoslynAnalysisRunner static constructor.
RoslynAnalysisRunner will not be running.
RoslynAnalysisRunner has terminated.
Mono: successfully reloaded assembly
- Completed reload, in  1.539 seconds
Platform modules already initialized, skipping
Refreshing native plugins compatible for Editor in 1.08 ms, found 0 plugins.
Preloading 0 native plugins for Editor in 0.00 ms.
Unloading 1915 Unused Serialized files (Serialized files now loaded: 0)
System memory in use before: 97.4 MB.
System memory in use after: 97.6 MB.

Unloading 33 unused Assets to reduce memory usage. Loaded Objects now: 2405.
Total: 3.120300 ms (FindLiveObjects: 0.454800 ms CreateObjectMapping: 0.104900 ms MarkObjects: 2.522600 ms  DeleteObjects: 0.036400 ms)

========================================================================
Received Prepare
Registering precompiled user dll's ...
Registered in 0.006870 seconds.
Begin MonoManager ReloadAssembly
Native extension for WindowsStandalone target not found
Refreshing native plugins compatible for Editor in 1.20 ms, found 0 plugins.
Preloading 0 native plugins for Editor in 0.00 ms.
Invoked RoslynAnalysisRunner static constructor.
RoslynAnalysisRunner will not be running.
RoslynAnalysisRunner has terminated.
Mono: successfully reloaded assembly
- Completed reload, in  1.735 seconds
Platform modules already initialized, skipping
Refreshing native plugins compatible for Editor in 1.07 ms, found 0 plugins.
Preloading 0 native plugins for Editor in 0.00 ms.
Unloading 1915 Unused Serialized files (Serialized files now loaded: 0)
System memory in use before: 97.5 MB.
System memory in use after: 97.6 MB.

Unloading 33 unused Assets to reduce memory usage. Loaded Objects now: 2407.
Total: 2.707000 ms (FindLiveObjects: 0.424100 ms CreateObjectMapping: 0.096100 ms MarkObjects: 2.153900 ms  DeleteObjects: 0.031300 ms)

========================================================================
Received Prepare
Registering precompiled user dll's ...
Registered in 0.008145 seconds.
Begin MonoManager ReloadAssembly
Native extension for WindowsStandalone target not found
Refreshing native plugins compatible for Editor in 1.11 ms, found 0 plugins.
Preloading 0 native plugins for Editor in 0.00 ms.
Invoked RoslynAnalysisRunner static constructor.
RoslynAnalysisRunner will not be running.
RoslynAnalysisRunner has terminated.
Mono: successfully reloaded assembly
- Completed reload, in  1.480 seconds
Platform modules already initialized, skipping
Refreshing native plugins compatible for Editor in 1.10 ms, found 0 plugins.
Preloading 0 native plugins for Editor in 0.00 ms.
Unloading 1915 Unused Serialized files (Serialized files now loaded: 0)
System memory in use before: 97.5 MB.
System memory in use after: 97.6 MB.

Unloading 33 unused Assets to reduce memory usage. Loaded Objects now: 2409.
Total: 2.745700 ms (FindLiveObjects: 0.343500 ms CreateObjectMapping: 0.097400 ms MarkObjects: 2.265100 ms  DeleteObjects: 0.038500 ms)

========================================================================
Received Prepare
Registering precompiled user dll's ...
Registered in 0.007007 seconds.
Begin MonoManager ReloadAssembly
Native extension for WindowsStandalone target not found
Refreshing native plugins compatible for Editor in 1.32 ms, found 0 plugins.
Preloading 0 native plugins for Editor in 0.00 ms.
Invoked RoslynAnalysisRunner static constructor.
RoslynAnalysisRunner will not be running.
RoslynAnalysisRunner has terminated.
Mono: successfully reloaded assembly
- Completed reload, in  1.512 seconds
Platform modules already initialized, skipping
Refreshing native plugins compatible for Editor in 1.16 ms, found 0 plugins.
Preloading 0 native plugins for Editor in 0.00 ms.
Unloading 1915 Unused Serialized files (Serialized files now loaded: 0)
System memory in use before: 97.5 MB.
System memory in use after: 97.6 MB.

Unloading 33 unused Assets to reduce memory usage. Loaded Objects now: 2411.
Total: 2.837900 ms (FindLiveObjects: 0.366600 ms CreateObjectMapping: 0.106700 ms MarkObjects: 2.327200 ms  DeleteObjects: 0.036000 ms)

========================================================================
Received Prepare
Registering precompiled user dll's ...
Registered in 0.006591 seconds.
Begin MonoManager ReloadAssembly
Native extension for WindowsStandalone target not found
Refreshing native plugins compatible for Editor in 1.12 ms, found 0 plugins.
Preloading 0 native plugins for Editor in 0.00 ms.
Invoked RoslynAnalysisRunner static constructor.
RoslynAnalysisRunner will not be running.
RoslynAnalysisRunner has terminated.
Mono: successfully reloaded assembly
- Completed reload, in  1.490 seconds
Platform modules already initialized, skipping
Refreshing native plugins compatible for Editor in 1.09 ms, found 0 plugins.
Preloading 0 native plugins for Editor in 0.00 ms.
Unloading 1915 Unused Serialized files (Serialized files now loaded: 0)
System memory in use before: 97.5 MB.
System memory in use after: 97.6 MB.

Unloading 33 unused Assets to reduce memory usage. Loaded Objects now: 2413.
Total: 2.661900 ms (FindLiveObjects: 0.350100 ms CreateObjectMapping: 0.093500 ms MarkObjects: 2.186200 ms  DeleteObjects: 0.030600 ms)

========================================================================
Received Prepare
Registering precompiled user dll's ...
Registered in 0.008662 seconds.
Begin MonoManager ReloadAssembly
Native extension for WindowsStandalone target not found
Refreshing native plugins compatible for Editor in 1.08 ms, found 0 plugins.
Preloading 0 native plugins for Editor in 0.00 ms.
Invoked RoslynAnalysisRunner static constructor.
RoslynAnalysisRunner will not be running.
RoslynAnalysisRunner has terminated.
Mono: successfully reloaded assembly
- Completed reload, in  1.521 seconds
Platform modules already initialized, skipping
Refreshing native plugins compatible for Editor in 1.16 ms, found 0 plugins.
Preloading 0 native plugins for Editor in 0.00 ms.
Unloading 1915 Unused Serialized files (Serialized files now loaded: 0)
System memory in use before: 97.5 MB.
System memory in use after: 97.6 MB.

Unloading 33 unused Assets to reduce memory usage. Loaded Objects now: 2415.
Total: 3.188500 ms (FindLiveObjects: 0.452100 ms CreateObjectMapping: 0.106000 ms MarkObjects: 2.595800 ms  DeleteObjects: 0.033400 ms)

========================================================================
Received Prepare
Registering precompiled user dll's ...
Registered in 0.007009 seconds.
Begin MonoManager ReloadAssembly
Native extension for WindowsStandalone target not found
Refreshing native plugins compatible for Editor in 1.14 ms, found 0 plugins.
Preloading 0 native plugins for Editor in 0.00 ms.
Invoked RoslynAnalysisRunner static constructor.
RoslynAnalysisRunner will not be running.
RoslynAnalysisRunner has terminated.
Mono: successfully reloaded assembly
- Completed reload, in  1.469 seconds
Platform modules already initialized, skipping
Refreshing native plugins compatible for Editor in 1.09 ms, found 0 plugins.
Preloading 0 native plugins for Editor in 0.00 ms.
Unloading 1915 Unused Serialized files (Serialized files now loaded: 0)
System memory in use before: 97.5 MB.
System memory in use after: 97.6 MB.

Unloading 33 unused Assets to reduce memory usage. Loaded Objects now: 2417.
Total: 2.617600 ms (FindLiveObjects: 0.370000 ms CreateObjectMapping: 0.095500 ms MarkObjects: 2.121100 ms  DeleteObjects: 0.029200 ms)

========================================================================
Received Prepare
Registering precompiled user dll's ...
Registered in 0.006963 seconds.
Begin MonoManager ReloadAssembly
Native extension for WindowsStandalone target not found
Refreshing native plugins compatible for Editor in 1.06 ms, found 0 plugins.
Preloading 0 native plugins for Editor in 0.00 ms.
Invoked RoslynAnalysisRunner static constructor.
RoslynAnalysisRunner will not be running.
RoslynAnalysisRunner has terminated.
Mono: successfully reloaded assembly
- Completed reload, in  1.480 seconds
Platform modules already initialized, skipping
Refreshing native plugins compatible for Editor in 1.11 ms, found 0 plugins.
Preloading 0 native plugins for Editor in 0.00 ms.
Unloading 1915 Unused Serialized files (Serialized files now loaded: 0)
System memory in use before: 97.5 MB.
System memory in use after: 97.6 MB.

Unloading 33 unused Assets to reduce memory usage. Loaded Objects now: 2419.
Total: 4.389600 ms (FindLiveObjects: 0.480400 ms CreateObjectMapping: 0.101600 ms MarkObjects: 3.767400 ms  DeleteObjects: 0.038800 ms)

========================================================================
Received Prepare
Registering precompiled user dll's ...
Registered in 0.006622 seconds.
Begin MonoManager ReloadAssembly
Native extension for WindowsStandalone target not found
Refreshing native plugins compatible for Editor in 1.10 ms, found 0 plugins.
Preloading 0 native plugins for Editor in 0.00 ms.
Invoked RoslynAnalysisRunner static constructor.
RoslynAnalysisRunner will not be running.
RoslynAnalysisRunner has terminated.
Mono: successfully reloaded assembly
- Completed reload, in  1.567 seconds
Platform modules already initialized, skipping
Refreshing native plugins compatible for Editor in 1.17 ms, found 0 plugins.
Preloading 0 native plugins for Editor in 0.00 ms.
Unloading 1915 Unused Serialized files (Serialized files now loaded: 0)
System memory in use before: 97.5 MB.
System memory in use after: 97.6 MB.

Unloading 33 unused Assets to reduce memory usage. Loaded Objects now: 2421.
Total: 3.155300 ms (FindLiveObjects: 0.439900 ms CreateObjectMapping: 0.097400 ms MarkObjects: 2.581800 ms  DeleteObjects: 0.034200 ms)

========================================================================
Received Prepare
Registering precompiled user dll's ...
Registered in 0.007999 seconds.
Begin MonoManager ReloadAssembly
Native extension for WindowsStandalone target not found
Refreshing native plugins compatible for Editor in 1.10 ms, found 0 plugins.
Preloading 0 native plugins for Editor in 0.00 ms.
Invoked RoslynAnalysisRunner static constructor.
RoslynAnalysisRunner will not be running.
RoslynAnalysisRunner has terminated.
Mono: successfully reloaded assembly
- Completed reload, in  1.490 seconds
Platform modules already initialized, skipping
Refreshing native plugins compatible for Editor in 1.07 ms, found 0 plugins.
Preloading 0 native plugins for Editor in 0.00 ms.
Unloading 1915 Unused Serialized files (Serialized files now loaded: 0)
System memory in use before: 97.5 MB.
System memory in use after: 97.6 MB.

Unloading 33 unused Assets to reduce memory usage. Loaded Objects now: 2423.
Total: 2.850600 ms (FindLiveObjects: 0.370800 ms CreateObjectMapping: 0.097500 ms MarkObjects: 2.353300 ms  DeleteObjects: 0.027600 ms)

========================================================================
Received Prepare
Registering precompiled user dll's ...
Registered in 0.007120 seconds.
Begin MonoManager ReloadAssembly
Native extension for WindowsStandalone target not found
Refreshing native plugins compatible for Editor in 1.17 ms, found 0 plugins.
Preloading 0 native plugins for Editor in 0.00 ms.
Invoked RoslynAnalysisRunner static constructor.
RoslynAnalysisRunner will not be running.
RoslynAnalysisRunner has terminated.
Mono: successfully reloaded assembly
- Completed reload, in  1.476 seconds
Platform modules already initialized, skipping
Refreshing native plugins compatible for Editor in 1.12 ms, found 0 plugins.
Preloading 0 native plugins for Editor in 0.00 ms.
Unloading 1915 Unused Serialized files (Serialized files now loaded: 0)
System memory in use before: 97.5 MB.
System memory in use after: 97.6 MB.

Unloading 33 unused Assets to reduce memory usage. Loaded Objects now: 2425.
Total: 5.421300 ms (FindLiveObjects: 0.435500 ms CreateObjectMapping: 0.092300 ms MarkObjects: 4.850000 ms  DeleteObjects: 0.041700 ms)

========================================================================
Received Prepare
Registering precompiled user dll's ...
Registered in 0.007767 seconds.
Begin MonoManager ReloadAssembly
Native extension for WindowsStandalone target not found
Refreshing native plugins compatible for Editor in 1.09 ms, found 0 plugins.
Preloading 0 native plugins for Editor in 0.00 ms.
Invoked RoslynAnalysisRunner static constructor.
RoslynAnalysisRunner will not be running.
RoslynAnalysisRunner has terminated.
Mono: successfully reloaded assembly
- Completed reload, in  1.833 seconds
Platform modules already initialized, skipping
Refreshing native plugins compatible for Editor in 1.10 ms, found 0 plugins.
Preloading 0 native plugins for Editor in 0.00 ms.
Unloading 1915 Unused Serialized files (Serialized files now loaded: 0)
System memory in use before: 97.5 MB.
System memory in use after: 97.7 MB.

Unloading 33 unused Assets to reduce memory usage. Loaded Objects now: 2427.
Total: 2.910900 ms (FindLiveObjects: 0.460500 ms CreateObjectMapping: 0.101200 ms MarkObjects: 2.313600 ms  DeleteObjects: 0.033900 ms)

========================================================================
Received Prepare
Refreshing native plugins compatible for Editor in 8.79 ms, found 0 plugins.
Preloading 0 native plugins for Editor in 0.00 ms.
Unloading 33 Unused Serialized files (Serialized files now loaded: 0)
System memory in use before: 59.4 MB.
System memory in use after: 59.5 MB.

Unloading 31 unused Assets to reduce memory usage. Loaded Objects now: 2427.
Total: 3.080200 ms (FindLiveObjects: 0.389400 ms CreateObjectMapping: 0.093700 ms MarkObjects: 2.568300 ms  DeleteObjects: 0.026800 ms)

========================================================================
Received Prepare
Registering precompiled user dll's ...
Registered in 0.007458 seconds.
Begin MonoManager ReloadAssembly
Native extension for WindowsStandalone target not found
Refreshing native plugins compatible for Editor in 1.26 ms, found 0 plugins.
Preloading 0 native plugins for Editor in 0.00 ms.
Invoked RoslynAnalysisRunner static constructor.
RoslynAnalysisRunner will not be running.
RoslynAnalysisRunner has terminated.
Mono: successfully reloaded assembly
- Completed reload, in  1.762 seconds
Platform modules already initialized, skipping
Refreshing native plugins compatible for Editor in 1.12 ms, found 0 plugins.
Preloading 0 native plugins for Editor in 0.00 ms.
Unloading 1915 Unused Serialized files (Serialized files now loaded: 0)
System memory in use before: 97.6 MB.
System memory in use after: 97.7 MB.

Unloading 33 unused Assets to reduce memory usage. Loaded Objects now: 2429.
Total: 3.515500 ms (FindLiveObjects: 0.417900 ms CreateObjectMapping: 0.095800 ms MarkObjects: 2.966300 ms  DeleteObjects: 0.034200 ms)

========================================================================
Received Prepare
Registering precompiled user dll's ...
Registered in 0.009736 seconds.
Begin MonoManager ReloadAssembly
Native extension for WindowsStandalone target not found
Refreshing native plugins compatible for Editor in 1.12 ms, found 0 plugins.
Preloading 0 native plugins for Editor in 0.00 ms.
Invoked RoslynAnalysisRunner static constructor.
RoslynAnalysisRunner will not be running.
RoslynAnalysisRunner has terminated.
Mono: successfully reloaded assembly
- Completed reload, in  1.575 seconds
Platform modules already initialized, skipping
Refreshing native plugins compatible for Editor in 1.08 ms, found 0 plugins.
Preloading 0 native plugins for Editor in 0.00 ms.
Unloading 1915 Unused Serialized files (Serialized files now loaded: 0)
System memory in use before: 97.6 MB.
System memory in use after: 97.7 MB.

Unloading 33 unused Assets to reduce memory usage. Loaded Objects now: 2431.
Total: 2.724300 ms (FindLiveObjects: 0.361500 ms CreateObjectMapping: 0.097400 ms MarkObjects: 2.234000 ms  DeleteObjects: 0.030000 ms)

========================================================================
Received Prepare
Refreshing native plugins compatible for Editor in 9.47 ms, found 0 plugins.
Preloading 0 native plugins for Editor in 0.00 ms.
Unloading 33 Unused Serialized files (Serialized files now loaded: 0)
System memory in use before: 59.5 MB.
System memory in use after: 59.6 MB.

Unloading 31 unused Assets to reduce memory usage. Loaded Objects now: 2431.
Total: 3.702300 ms (FindLiveObjects: 0.529600 ms CreateObjectMapping: 0.107200 ms MarkObjects: 3.019900 ms  DeleteObjects: 0.044000 ms)

========================================================================
Received Prepare
Registering precompiled user dll's ...
Registered in 0.009034 seconds.
Begin MonoManager ReloadAssembly
Native extension for WindowsStandalone target not found
Refreshing native plugins compatible for Editor in 1.51 ms, found 0 plugins.
Preloading 0 native plugins for Editor in 0.00 ms.
Invoked RoslynAnalysisRunner static constructor.
RoslynAnalysisRunner will not be running.
RoslynAnalysisRunner has terminated.
Mono: successfully reloaded assembly
- Completed reload, in  1.815 seconds
Platform modules already initialized, skipping
Refreshing native plugins compatible for Editor in 1.79 ms, found 0 plugins.
Preloading 0 native plugins for Editor in 0.00 ms.
Unloading 1915 Unused Serialized files (Serialized files now loaded: 0)
System memory in use before: 97.6 MB.
System memory in use after: 97.7 MB.

Unloading 33 unused Assets to reduce memory usage. Loaded Objects now: 2433.
Total: 3.331600 ms (FindLiveObjects: 0.712000 ms CreateObjectMapping: 0.256900 ms MarkObjects: 2.326000 ms  DeleteObjects: 0.035500 ms)

========================================================================
Received Import Request.
  Time since last request: 2526.975210 seconds.
  path: Assets/Resources/Prefabs/Weapons/Mine.prefab
  artifactKey: Guid(91a55936ff5e8dd43b28f68915660656) Importer(815301076,1909f56bfc062723c751e8b465ee728b)
Start importing Assets/Resources/Prefabs/Weapons/Mine.prefab using Guid(91a55936ff5e8dd43b28f68915660656) Importer(815301076,1909f56bfc062723c751e8b465ee728b)  -> (artifact id: '960b69bfa83f988bb3b3a36f9bc8c3f9') in 0.112483 seconds
  Import took 0.119292 seconds .

========================================================================
Received Prepare
Registering precompiled user dll's ...
Registered in 0.006621 seconds.
Begin MonoManager ReloadAssembly
Native extension for WindowsStandalone target not found
Refreshing native plugins compatible for Editor in 1.05 ms, found 0 plugins.
Preloading 0 native plugins for Editor in 0.00 ms.
Invoked RoslynAnalysisRunner static constructor.
RoslynAnalysisRunner will not be running.
RoslynAnalysisRunner has terminated.
Mono: successfully reloaded assembly
- Completed reload, in  1.460 seconds
Platform modules already initialized, skipping
Refreshing native plugins compatible for Editor in 1.10 ms, found 0 plugins.
Preloading 0 native plugins for Editor in 0.00 ms.
Unloading 1915 Unused Serialized files (Serialized files now loaded: 0)
System memory in use before: 97.6 MB.
System memory in use after: 97.7 MB.

Unloading 33 unused Assets to reduce memory usage. Loaded Objects now: 2436.
Total: 2.821400 ms (FindLiveObjects: 0.370400 ms CreateObjectMapping: 0.094600 ms MarkObjects: 2.314900 ms  DeleteObjects: 0.039900 ms)

========================================================================
Received Prepare
Registering precompiled user dll's ...
Registered in 0.006799 seconds.
Begin MonoManager ReloadAssembly
Native extension for WindowsStandalone target not found
Refreshing native plugins compatible for Editor in 1.08 ms, found 0 plugins.
Preloading 0 native plugins for Editor in 0.00 ms.
Invoked RoslynAnalysisRunner static constructor.
RoslynAnalysisRunner will not be running.
RoslynAnalysisRunner has terminated.
Mono: successfully reloaded assembly
- Completed reload, in  3.158 seconds
Platform modules already initialized, skipping
Refreshing native plugins compatible for Editor in 1.49 ms, found 0 plugins.
Preloading 0 native plugins for Editor in 0.00 ms.
Unloading 1915 Unused Serialized files (Serialized files now loaded: 0)
System memory in use before: 97.6 MB.
System memory in use after: 97.7 MB.

Unloading 33 unused Assets to reduce memory usage. Loaded Objects now: 2438.
Total: 3.826200 ms (FindLiveObjects: 0.497200 ms CreateObjectMapping: 0.108500 ms MarkObjects: 3.174800 ms  DeleteObjects: 0.043600 ms)

========================================================================
Received Prepare
Refreshing native plugins compatible for Editor in 8.47 ms, found 0 plugins.
Preloading 0 native plugins for Editor in 0.00 ms.
Unloading 33 Unused Serialized files (Serialized files now loaded: 0)
System memory in use before: 59.5 MB.
System memory in use after: 59.6 MB.

Unloading 31 unused Assets to reduce memory usage. Loaded Objects now: 2438.
Total: 3.070800 ms (FindLiveObjects: 0.620500 ms CreateObjectMapping: 0.108600 ms MarkObjects: 2.309200 ms  DeleteObjects: 0.031100 ms)

========================================================================
Received Prepare
Registering precompiled user dll's ...
Registered in 0.008804 seconds.
Begin MonoManager ReloadAssembly
Native extension for WindowsStandalone target not found
Refreshing native plugins compatible for Editor in 1.13 ms, found 0 plugins.
Preloading 0 native plugins for Editor in 0.00 ms.
Invoked RoslynAnalysisRunner static constructor.
RoslynAnalysisRunner will not be running.
RoslynAnalysisRunner has terminated.
Mono: successfully reloaded assembly
- Completed reload, in  1.767 seconds
Platform modules already initialized, skipping
Refreshing native plugins compatible for Editor in 1.10 ms, found 0 plugins.
Preloading 0 native plugins for Editor in 0.00 ms.
Unloading 1915 Unused Serialized files (Serialized files now loaded: 0)
System memory in use before: 97.6 MB.
System memory in use after: 97.7 MB.

Unloading 33 unused Assets to reduce memory usage. Loaded Objects now: 2440.
Total: 3.234100 ms (FindLiveObjects: 0.398600 ms CreateObjectMapping: 0.096800 ms MarkObjects: 2.708300 ms  DeleteObjects: 0.028800 ms)

========================================================================
Received Import Request.
  Time since last request: 351.623337 seconds.
  path: Assets/Resources/Prefabs/Weapons/Mine.prefab
  artifactKey: Guid(91a55936ff5e8dd43b28f68915660656) Importer(815301076,1909f56bfc062723c751e8b465ee728b)
Start importing Assets/Resources/Prefabs/Weapons/Mine.prefab using Guid(91a55936ff5e8dd43b28f68915660656) Importer(815301076,1909f56bfc062723c751e8b465ee728b)  -> (artifact id: '21b06e9f9132a95b4762ac968732cf09') in 0.105252 seconds
  Import took 0.111185 seconds .

========================================================================
Received Prepare
Refreshing native plugins compatible for Editor in 8.68 ms, found 0 plugins.
Preloading 0 native plugins for Editor in 0.00 ms.
Unloading 33 Unused Serialized files (Serialized files now loaded: 0)
System memory in use before: 59.7 MB.
System memory in use after: 59.8 MB.

Unloading 31 unused Assets to reduce memory usage. Loaded Objects now: 2441.
Total: 3.885500 ms (FindLiveObjects: 0.430500 ms CreateObjectMapping: 0.111400 ms MarkObjects: 3.307500 ms  DeleteObjects: 0.034100 ms)

========================================================================
Received Prepare
Registering precompiled user dll's ...
Registered in 0.007377 seconds.
Begin MonoManager ReloadAssembly
Native extension for WindowsStandalone target not found
Refreshing native plugins compatible for Editor in 1.24 ms, found 0 plugins.
Preloading 0 native plugins for Editor in 0.00 ms.
Invoked RoslynAnalysisRunner static constructor.
RoslynAnalysisRunner will not be running.
RoslynAnalysisRunner has terminated.
Mono: successfully reloaded assembly
- Completed reload, in  1.699 seconds
Platform modules already initialized, skipping
Refreshing native plugins compatible for Editor in 1.07 ms, found 0 plugins.
Preloading 0 native plugins for Editor in 0.00 ms.
Unloading 1915 Unused Serialized files (Serialized files now loaded: 0)
System memory in use before: 97.6 MB.
System memory in use after: 97.7 MB.

Unloading 33 unused Assets to reduce memory usage. Loaded Objects now: 2443.
Total: 3.087700 ms (FindLiveObjects: 0.455400 ms CreateObjectMapping: 0.110900 ms MarkObjects: 2.459800 ms  DeleteObjects: 0.060100 ms)

========================================================================
Received Prepare
Registering precompiled user dll's ...
Registered in 0.007393 seconds.
Begin MonoManager ReloadAssembly
Native extension for WindowsStandalone target not found
Refreshing native plugins compatible for Editor in 1.13 ms, found 0 plugins.
Preloading 0 native plugins for Editor in 0.00 ms.
Invoked RoslynAnalysisRunner static constructor.
RoslynAnalysisRunner will not be running.
RoslynAnalysisRunner has terminated.
Mono: successfully reloaded assembly
- Completed reload, in  1.736 seconds
Platform modules already initialized, skipping
Refreshing native plugins compatible for Editor in 1.23 ms, found 0 plugins.
Preloading 0 native plugins for Editor in 0.00 ms.
Unloading 1915 Unused Serialized files (Serialized files now loaded: 0)
System memory in use before: 97.6 MB.
System memory in use after: 97.7 MB.

Unloading 33 unused Assets to reduce memory usage. Loaded Objects now: 2445.
Total: 3.361800 ms (FindLiveObjects: 0.538200 ms CreateObjectMapping: 0.107300 ms MarkObjects: 2.665100 ms  DeleteObjects: 0.048200 ms)

========================================================================
Received Prepare
Registering precompiled user dll's ...
Registered in 0.007776 seconds.
Begin MonoManager ReloadAssembly
Native extension for WindowsStandalone target not found
Refreshing native plugins compatible for Editor in 1.18 ms, found 0 plugins.
Preloading 0 native plugins for Editor in 0.00 ms.
Invoked RoslynAnalysisRunner static constructor.
RoslynAnalysisRunner will not be running.
RoslynAnalysisRunner has terminated.
Mono: successfully reloaded assembly
- Completed reload, in  1.494 seconds
Platform modules already initialized, skipping
Refreshing native plugins compatible for Editor in 1.17 ms, found 0 plugins.
Preloading 0 native plugins for Editor in 0.00 ms.
Unloading 1915 Unused Serialized files (Serialized files now loaded: 0)
System memory in use before: 97.6 MB.
System memory in use after: 97.7 MB.

Unloading 33 unused Assets to reduce memory usage. Loaded Objects now: 2447.
Total: 2.818100 ms (FindLiveObjects: 0.369900 ms CreateObjectMapping: 0.102500 ms MarkObjects: 2.308800 ms  DeleteObjects: 0.035600 ms)

